[debug] [2024-03-08T07:13:23.903Z] ----------------------------------------------------------------------
[debug] [2024-03-08T07:13:23.906Z] Command:       C:\Program Files\nodejs\node.exe C:\Users\HP\AppData\Roaming\npm\node_modules\firebase-tools\lib\bin\firebase.js init
[debug] [2024-03-08T07:13:23.906Z] CLI Version:   13.4.1
[debug] [2024-03-08T07:13:23.906Z] Platform:      win32
[debug] [2024-03-08T07:13:23.907Z] Node Version:  v18.18.0
[debug] [2024-03-08T07:13:23.907Z] Time:          Fri Mar 08 2024 12:43:23 GMT+0530 (India Standard Time)
[debug] [2024-03-08T07:13:23.907Z] ----------------------------------------------------------------------
[debug] 
[debug] [2024-03-08T07:13:23.913Z] > command requires scopes: ["email","openid","https://www.googleapis.com/auth/cloudplatformprojects.readonly","https://www.googleapis.com/auth/firebase","https://www.googleapis.com/auth/cloud-platform"]
[debug] [2024-03-08T07:13:23.913Z] > authorizing via signed-in user (karthikeyan10303@gmail.com)
[info] 
     ######## #### ########  ######## ########     ###     ######  ########
     ##        ##  ##     ## ##       ##     ##  ##   ##  ##       ##
     ######    ##  ########  ######   ########  #########  ######  ######
     ##        ##  ##    ##  ##       ##     ## ##     ##       ## ##
     ##       #### ##     ## ######## ########  ##     ##  ######  ########

You're about to initialize a Firebase project in this directory:

  D:\nope\My-React-App

[info] 
=== Project Setup
[info] 
[info] First, let's associate this project directory with a Firebase project.
[info] You can create multiple project aliases by running firebase use --add, 
[info] but for now we'll just set up a default project.
[info] 
[info] i  If you want to create a project in a Google Cloud organization or folder, please use "firebase projects:create" instead, and return to this command when you've created the project. 
[debug] [2024-03-08T07:13:51.210Z] >>> [apiv2][query] POST https://cloudresourcemanager.googleapis.com/v1/projects [none]
[debug] [2024-03-08T07:13:51.210Z] >>> [apiv2][body] POST https://cloudresourcemanager.googleapis.com/v1/projects {"projectId":"dashboard2024sample","name":"dashboard2024sample"}
[debug] [2024-03-08T07:13:53.084Z] <<< [apiv2][status] POST https://cloudresourcemanager.googleapis.com/v1/projects 200
[debug] [2024-03-08T07:13:53.084Z] <<< [apiv2][body] POST https://cloudresourcemanager.googleapis.com/v1/projects {"name":"operations/cp.4714876030223264129"}
[debug] [2024-03-08T07:13:53.087Z] >>> [apiv2][query] GET https://cloudresourcemanager.googleapis.com/v1/operations/cp.4714876030223264129 [none]
[debug] [2024-03-08T07:13:54.906Z] <<< [apiv2][status] GET https://cloudresourcemanager.googleapis.com/v1/operations/cp.4714876030223264129 200
[debug] [2024-03-08T07:13:54.906Z] <<< [apiv2][body] GET https://cloudresourcemanager.googleapis.com/v1/operations/cp.4714876030223264129 {"name":"operations/cp.4714876030223264129"}
[debug] [2024-03-08T07:13:55.409Z] [Project Creation Poller] Retrying task index 0
[debug] [2024-03-08T07:13:55.410Z] >>> [apiv2][query] GET https://cloudresourcemanager.googleapis.com/v1/operations/cp.4714876030223264129 [none]
[debug] [2024-03-08T07:13:57.333Z] <<< [apiv2][status] GET https://cloudresourcemanager.googleapis.com/v1/operations/cp.4714876030223264129 200
[debug] [2024-03-08T07:13:57.333Z] <<< [apiv2][body] GET https://cloudresourcemanager.googleapis.com/v1/operations/cp.4714876030223264129 {"name":"operations/cp.4714876030223264129","metadata":{"@type":"type.googleapis.com/google.cloudresourcemanager.v1.ProjectCreationStatus","gettable":true,"ready":true},"done":true,"response":{"@type":"type.googleapis.com/google.cloudresourcemanager.v1.Project","projectNumber":"617193642089","projectId":"dashboard2024sample","lifecycleState":"ACTIVE","name":"dashboard2024sample","createTime":"2024-03-08T07:13:55.951112Z"}}
[debug] [2024-03-08T07:13:57.336Z] >>> [apiv2][query] POST https://firebase.googleapis.com/v1beta1/projects/dashboard2024sample:addFirebase [none]
[debug] [2024-03-08T07:13:59.483Z] <<< [apiv2][status] POST https://firebase.googleapis.com/v1beta1/projects/dashboard2024sample:addFirebase 403
[debug] [2024-03-08T07:13:59.483Z] <<< [apiv2][body] POST https://firebase.googleapis.com/v1beta1/projects/dashboard2024sample:addFirebase {"error":{"code":403,"message":"The caller does not have permission","status":"PERMISSION_DENIED"}}
[debug] [2024-03-08T07:13:59.485Z] HTTP Error: 403, The caller does not have permission
[debug] [2024-03-08T07:13:59.800Z] FirebaseError: HTTP Error: 403, The caller does not have permission
    at responseToError (C:\Users\HP\AppData\Roaming\npm\node_modules\firebase-tools\lib\responseToError.js:49:12)
    at RetryOperation._fn (C:\Users\HP\AppData\Roaming\npm\node_modules\firebase-tools\lib\apiv2.js:297:77)
    at process.processTicksAndRejections (node:internal/process/task_queues:95:5)
[error] 
[error] Error: Failed to add Firebase to Google Cloud Platform project. See firebase-debug.log for more info.
[debug] [2024-03-08T07:50:59.765Z] ----------------------------------------------------------------------
[debug] [2024-03-08T07:50:59.767Z] Command:       C:\Program Files\nodejs\node.exe C:\Users\HP\AppData\Roaming\npm\node_modules\firebase-tools\lib\bin\firebase.js init
[debug] [2024-03-08T07:50:59.767Z] CLI Version:   13.4.1
[debug] [2024-03-08T07:50:59.768Z] Platform:      win32
[debug] [2024-03-08T07:50:59.768Z] Node Version:  v18.18.0
[debug] [2024-03-08T07:50:59.788Z] Time:          Fri Mar 08 2024 13:20:59 GMT+0530 (India Standard Time)
[debug] [2024-03-08T07:50:59.789Z] ----------------------------------------------------------------------
[debug] 
[debug] [2024-03-08T07:50:59.796Z] > command requires scopes: ["email","openid","https://www.googleapis.com/auth/cloudplatformprojects.readonly","https://www.googleapis.com/auth/firebase","https://www.googleapis.com/auth/cloud-platform"]
[debug] [2024-03-08T07:50:59.797Z] > authorizing via signed-in user (karthikeyan10303@gmail.com)
[info] 
     ######## #### ########  ######## ########     ###     ######  ########
     ##        ##  ##     ## ##       ##     ##  ##   ##  ##       ##
     ######    ##  ########  ######   ########  #########  ######  ######
     ##        ##  ##    ##  ##       ##     ## ##     ##       ## ##
     ##       #### ##     ## ######## ########  ##     ##  ######  ########

You're about to initialize a Firebase project in this directory:

  D:\nope\My-React-App

[info] 
=== Project Setup
[info] 
[info] First, let's associate this project directory with a Firebase project.
[info] You can create multiple project aliases by running firebase use --add, 
[info] but for now we'll just set up a default project.
[info] 
[debug] [2024-03-08T07:52:27.948Z] >>> [apiv2][query] GET https://firebase.googleapis.com/v1beta1/projects pageSize=100
[debug] [2024-03-08T07:52:29.978Z] <<< [apiv2][status] GET https://firebase.googleapis.com/v1beta1/projects 200
[debug] [2024-03-08T07:52:29.979Z] <<< [apiv2][body] GET https://firebase.googleapis.com/v1beta1/projects [omitted]
[info] i  Using project dashboardsample-3a23e (Dashboardsample) 
[info] 
=== Hosting Setup
[debug] [2024-03-08T07:52:31.422Z] > refreshing access token with scopes: []
[debug] [2024-03-08T07:52:31.424Z] >>> [apiv2][query] POST https://www.googleapis.com/oauth2/v3/token [none]
[debug] [2024-03-08T07:52:31.424Z] >>> [apiv2][body] POST https://www.googleapis.com/oauth2/v3/token [omitted]
[debug] [2024-03-08T07:52:31.699Z] <<< [apiv2][status] POST https://www.googleapis.com/oauth2/v3/token 200
[debug] [2024-03-08T07:52:31.699Z] <<< [apiv2][body] POST https://www.googleapis.com/oauth2/v3/token [omitted]
[debug] [2024-03-08T07:52:31.705Z] >>> [apiv2][query] GET https://firebase.googleapis.com/v1beta1/projects/dashboardsample-3a23e [none]
[debug] [2024-03-08T07:52:33.135Z] <<< [apiv2][status] GET https://firebase.googleapis.com/v1beta1/projects/dashboardsample-3a23e 200
[debug] [2024-03-08T07:52:33.136Z] <<< [apiv2][body] GET https://firebase.googleapis.com/v1beta1/projects/dashboardsample-3a23e {"projectId":"dashboardsample-3a23e","projectNumber":"676867954072","displayName":"Dashboardsample","name":"projects/dashboardsample-3a23e","resources":{"hostingSite":"dashboardsample-3a23e"},"state":"ACTIVE","etag":"1_85781851-df40-4dd7-991d-28cae5d9ae9f"}
[info] 
[info] Your public directory is the folder (relative to your project directory) that
[info] will contain Hosting assets to be uploaded with firebase deploy. If you
[info] have a build process for your assets, use your build's output directory.
[info] 
[debug] [2024-03-08T07:53:09.073Z] >>> [apiv2][query] GET https://www.gstatic.com/firebasejs/releases.json [none]
[debug] [2024-03-08T07:53:09.291Z] <<< [apiv2][status] GET https://www.gstatic.com/firebasejs/releases.json 200
[debug] [2024-03-08T07:53:09.292Z] <<< [apiv2][body] GET https://www.gstatic.com/firebasejs/releases.json {"current":{"version":"10.8.1","browserURL":"https://www.gstatic.com/firebasejs/10.8.1/firebase.js","packageURL":"https://www.gstatic.com/firebasejs/10.8.1/firebase.tgz"},"live":{"version":"10.8","browserURL":"https://www.gstatic.com/firebasejs/live/10.8/firebase.js","packageURL":"https://www.gstatic.com/firebasejs/live/10.8/firebase.tgz"},"components":{"analytics":"https://www.gstatic.com/firebasejs/10.8.1/firebase-analytics.js","app":"https://www.gstatic.com/firebasejs/10.8.1/firebase-app.js","app-check":"https://www.gstatic.com/firebasejs/10.8.1/firebase-app-check.js","auth":"https://www.gstatic.com/firebasejs/10.8.1/firebase-auth.js","auth/cordova":"https://www.gstatic.com/firebasejs/10.8.1/firebase-auth/cordova.js","auth/web-extension":"https://www.gstatic.com/firebasejs/10.8.1/firebase-auth/web-extension.js","functions":"https://www.gstatic.com/firebasejs/10.8.1/firebase-functions.js","firestore":"https://www.gstatic.com/firebasejs/10.8.1/firebase-firestore.js","firestore/lite":"https://www.gstatic.com/firebasejs/10.8.1/firebase-firestore/lite.js","installations":"https://www.gstatic.com/firebasejs/10.8.1/firebase-installations.js","storage":"https://www.gstatic.com/firebasejs/10.8.1/firebase-storage.js","performance":"https://www.gstatic.com/firebasejs/10.8.1/firebase-performance.js","remote-config":"https://www.gstatic.com/firebasejs/10.8.1/firebase-remote-config.js","messaging":"https://www.gstatic.com/firebasejs/10.8.1/firebase-messaging.js","messaging/sw":"https://www.gstatic.com/firebasejs/10.8.1/firebase-messaging/sw.js","database":"https://www.gstatic.com/firebasejs/10.8.1/firebase-database.js","firestore.memory":"https://www.gstatic.com/firebasejs/10.8.1/firebase-firestore.memory.js"}}
[info] +  Wrote public/index.html 
[info] 
[info] i  Detected a .git folder at D:\nope\My-React-App 
[info] i  Authorizing with GitHub to upload your service account to a GitHub repository's secrets store. 
[info] 
[info] Visit this URL on this device to log in:
[info] https://github.com/login/oauth/authorize?client_id=89cf50f02ac6aaed3484&state=682504712&redirect_uri=http%3A%2F%2Flocalhost%3A9005&scope=read%3Auser%20repo%20public_repo
[info] 
[info] Waiting for authentication...
[debug] [2024-03-08T07:53:32.879Z] >>> [apiv2][query] POST https://github.com/login/oauth/access_token [none]
[debug] [2024-03-08T07:53:32.879Z] >>> [apiv2][body] POST https://github.com/login/oauth/access_token [stream]
[debug] [2024-03-08T07:53:33.360Z] <<< [apiv2][status] POST https://github.com/login/oauth/access_token 200
[debug] [2024-03-08T07:53:33.360Z] <<< [apiv2][body] POST https://github.com/login/oauth/access_token {"access_token":"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","token_type":"bearer","scope":"read:user,repo"}
[debug] [2024-03-08T07:53:33.385Z] >>> [apiv2][query] GET https://api.github.com/user [none]
[debug] [2024-03-08T07:53:33.956Z] <<< [apiv2][status] GET https://api.github.com/user 200
[debug] [2024-03-08T07:53:33.957Z] <<< [apiv2][body] GET https://api.github.com/user {"login":"karthikeyan-kk-007","id":153588919,"node_id":"U_kgDOCSeUtw","avatar_url":"https://avatars.githubusercontent.com/u/153588919?v=4","gravatar_id":"","url":"https://api.github.com/users/karthikeyan-kk-007","html_url":"https://github.com/karthikeyan-kk-007","followers_url":"https://api.github.com/users/karthikeyan-kk-007/followers","following_url":"https://api.github.com/users/karthikeyan-kk-007/following{/other_user}","gists_url":"https://api.github.com/users/karthikeyan-kk-007/gists{/gist_id}","starred_url":"https://api.github.com/users/karthikeyan-kk-007/starred{/owner}{/repo}","subscriptions_url":"https://api.github.com/users/karthikeyan-kk-007/subscriptions","organizations_url":"https://api.github.com/users/karthikeyan-kk-007/orgs","repos_url":"https://api.github.com/users/karthikeyan-kk-007/repos","events_url":"https://api.github.com/users/karthikeyan-kk-007/events{/privacy}","received_events_url":"https://api.github.com/users/karthikeyan-kk-007/received_events","type":"User","site_admin":false,"name":null,"company":null,"blog":"","location":null,"email":null,"hireable":null,"bio":null,"twitter_username":null,"public_repos":3,"public_gists":0,"followers":0,"following":0,"created_at":"2023-12-12T06:48:56Z","updated_at":"2024-03-08T06:55:49Z","private_gists":0,"total_private_repos":0,"owned_private_repos":0,"disk_usage":10909,"collaborators":0,"two_factor_authentication":false,"plan":{"name":"free","space":976562499,"collaborators":0,"private_repos":10000}}
[info] 
[info] +  Success! Logged into GitHub as karthikeyan-kk-007 
[info] 
[debug] [2024-03-08T07:55:10.406Z] >>> [apiv2][query] GET https://api.github.com/repos//actions/secrets/public-key type=owner
[debug] [2024-03-08T07:55:10.935Z] <<< [apiv2][status] GET https://api.github.com/repos//actions/secrets/public-key 404
[debug] [2024-03-08T07:55:10.935Z] <<< [apiv2][body] GET https://api.github.com/repos//actions/secrets/public-key {"message":"Not Found","documentation_url":"https://docs.github.com/rest"}
[info] 
[info] 
[error] !  The provided authorization cannot be used with this repository. If this repository is in an organization, did you remember to grant access? 
[info] 
[info] i  Action required: Visit this URL to ensure access has been granted to the appropriate organization(s) for the Firebase CLI GitHub OAuth App: 
[info] https://github.com/settings/connections/applications/89cf50f02ac6aaed3484
[info] 
[debug] [2024-03-08T07:55:32.127Z] >>> [apiv2][query] GET https://api.github.com/repos//actions/secrets/public-key type=owner
[debug] [2024-03-08T07:55:32.644Z] <<< [apiv2][status] GET https://api.github.com/repos//actions/secrets/public-key 404
[debug] [2024-03-08T07:55:32.645Z] <<< [apiv2][body] GET https://api.github.com/repos//actions/secrets/public-key {"message":"Not Found","documentation_url":"https://docs.github.com/rest"}
[info] 
[info] 
[error] !  The provided authorization cannot be used with this repository. If this repository is in an organization, did you remember to grant access? 
[info] 
[info] i  Action required: Visit this URL to ensure access has been granted to the appropriate organization(s) for the Firebase CLI GitHub OAuth App: 
[info] https://github.com/settings/connections/applications/89cf50f02ac6aaed3484
[info] 
[debug] [2024-03-08T07:55:36.235Z] >>> [apiv2][query] GET https://api.github.com/repos/user/actions/secrets/public-key type=owner
[debug] [2024-03-08T07:55:36.742Z] <<< [apiv2][status] GET https://api.github.com/repos/user/actions/secrets/public-key 404
[debug] [2024-03-08T07:55:36.742Z] <<< [apiv2][body] GET https://api.github.com/repos/user/actions/secrets/public-key {"message":"Not Found","documentation_url":"https://docs.github.com/rest"}
[info] 
[info] 
[error] !  The provided authorization cannot be used with this repository. If this repository is in an organization, did you remember to grant access? 
[info] 
[info] i  Action required: Visit this URL to ensure access has been granted to the appropriate organization(s) for the Firebase CLI GitHub OAuth App: 
[info] https://github.com/settings/connections/applications/89cf50f02ac6aaed3484
[info] 
[debug] [2024-03-08T07:55:38.976Z] >>> [apiv2][query] GET https://api.github.com/repos/user/actions/secrets/public-key type=owner
[debug] [2024-03-08T07:55:39.608Z] <<< [apiv2][status] GET https://api.github.com/repos/user/actions/secrets/public-key 404
[debug] [2024-03-08T07:55:39.609Z] <<< [apiv2][body] GET https://api.github.com/repos/user/actions/secrets/public-key {"message":"Not Found","documentation_url":"https://docs.github.com/rest"}
[info] 
[info] 
[error] !  The provided authorization cannot be used with this repository. If this repository is in an organization, did you remember to grant access? 
[info] 
[info] i  Action required: Visit this URL to ensure access has been granted to the appropriate organization(s) for the Firebase CLI GitHub OAuth App: 
[info] https://github.com/settings/connections/applications/89cf50f02ac6aaed3484
[info] 
[debug] [2024-03-08T07:56:04.987Z] >>> [apiv2][query] GET https://api.github.com/repos/user/repository/actions/secrets/public-key type=owner
[debug] [2024-03-08T07:56:05.616Z] <<< [apiv2][status] GET https://api.github.com/repos/user/repository/actions/secrets/public-key 404
[debug] [2024-03-08T07:56:05.616Z] <<< [apiv2][body] GET https://api.github.com/repos/user/repository/actions/secrets/public-key {"message":"Not Found","documentation_url":"https://docs.github.com/rest/actions/secrets#get-a-repository-public-key"}
[info] 
[info] 
[error] !  The provided authorization cannot be used with this repository. If this repository is in an organization, did you remember to grant access? 
[info] 
[info] i  Action required: Visit this URL to ensure access has been granted to the appropriate organization(s) for the Firebase CLI GitHub OAuth App: 
[info] https://github.com/settings/connections/applications/89cf50f02ac6aaed3484
[info] 
[debug] [2024-03-08T07:56:26.548Z] >>> [apiv2][query] GET https://api.github.com/repos/user/repository/actions/secrets/public-key type=owner
[debug] [2024-03-08T07:56:27.019Z] <<< [apiv2][status] GET https://api.github.com/repos/user/repository/actions/secrets/public-key 404
[debug] [2024-03-08T07:56:27.020Z] <<< [apiv2][body] GET https://api.github.com/repos/user/repository/actions/secrets/public-key {"message":"Not Found","documentation_url":"https://docs.github.com/rest/actions/secrets#get-a-repository-public-key"}
[info] 
[info] 
[error] !  The provided authorization cannot be used with this repository. If this repository is in an organization, did you remember to grant access? 
[info] 
[info] i  Action required: Visit this URL to ensure access has been granted to the appropriate organization(s) for the Firebase CLI GitHub OAuth App: 
[info] https://github.com/settings/connections/applications/89cf50f02ac6aaed3484
[info] 
[debug] [2024-03-08T08:02:41.113Z] ----------------------------------------------------------------------
[debug] [2024-03-08T08:02:41.116Z] Command:       C:\Program Files\nodejs\node.exe C:\Users\HP\AppData\Roaming\npm\node_modules\firebase-tools\lib\bin\firebase.js init
[debug] [2024-03-08T08:02:41.117Z] CLI Version:   13.4.1
[debug] [2024-03-08T08:02:41.117Z] Platform:      win32
[debug] [2024-03-08T08:02:41.118Z] Node Version:  v18.18.0
[debug] [2024-03-08T08:02:41.118Z] Time:          Fri Mar 08 2024 13:32:41 GMT+0530 (India Standard Time)
[debug] [2024-03-08T08:02:41.118Z] ----------------------------------------------------------------------
[debug] 
[debug] [2024-03-08T08:02:41.129Z] > command requires scopes: ["email","openid","https://www.googleapis.com/auth/cloudplatformprojects.readonly","https://www.googleapis.com/auth/firebase","https://www.googleapis.com/auth/cloud-platform"]
[debug] [2024-03-08T08:02:41.130Z] > authorizing via signed-in user (karthikeyan10303@gmail.com)
[info] 
     ######## #### ########  ######## ########     ###     ######  ########
     ##        ##  ##     ## ##       ##     ##  ##   ##  ##       ##
     ######    ##  ########  ######   ########  #########  ######  ######
     ##        ##  ##    ##  ##       ##     ## ##     ##       ## ##
     ##       #### ##     ## ######## ########  ##     ##  ######  ########

You're about to initialize a Firebase project in this directory:

  D:\nope\My-React-App

[info] 
=== Project Setup
[info] 
[info] First, let's associate this project directory with a Firebase project.
[info] You can create multiple project aliases by running firebase use --add, 
[info] but for now we'll just set up a default project.
[info] 
[debug] [2024-03-08T08:02:52.769Z] >>> [apiv2][query] GET https://firebase.googleapis.com/v1beta1/projects pageSize=100
[debug] [2024-03-08T08:02:54.006Z] <<< [apiv2][status] GET https://firebase.googleapis.com/v1beta1/projects 200
[debug] [2024-03-08T08:02:54.007Z] <<< [apiv2][body] GET https://firebase.googleapis.com/v1beta1/projects [omitted]
[info] i  Using project dashboardsample-3a23e (Dashboardsample) 
[info] 
=== Hosting Setup
[debug] [2024-03-08T08:02:54.889Z] >>> [apiv2][query] GET https://firebase.googleapis.com/v1beta1/projects/dashboardsample-3a23e [none]
[debug] [2024-03-08T08:02:56.356Z] <<< [apiv2][status] GET https://firebase.googleapis.com/v1beta1/projects/dashboardsample-3a23e 200
[debug] [2024-03-08T08:02:56.357Z] <<< [apiv2][body] GET https://firebase.googleapis.com/v1beta1/projects/dashboardsample-3a23e {"projectId":"dashboardsample-3a23e","projectNumber":"676867954072","displayName":"Dashboardsample","name":"projects/dashboardsample-3a23e","resources":{"hostingSite":"dashboardsample-3a23e"},"state":"ACTIVE","etag":"1_85781851-df40-4dd7-991d-28cae5d9ae9f"}
[info] 
[info] Your public directory is the folder (relative to your project directory) that
[info] will contain Hosting assets to be uploaded with firebase deploy. If you
[info] have a build process for your assets, use your build's output directory.
[info] 
[debug] [2024-03-08T08:03:03.366Z] >>> [apiv2][query] GET https://www.gstatic.com/firebasejs/releases.json [none]
[debug] [2024-03-08T08:03:03.926Z] <<< [apiv2][status] GET https://www.gstatic.com/firebasejs/releases.json 200
[debug] [2024-03-08T08:03:03.927Z] <<< [apiv2][body] GET https://www.gstatic.com/firebasejs/releases.json {"current":{"version":"10.8.1","browserURL":"https://www.gstatic.com/firebasejs/10.8.1/firebase.js","packageURL":"https://www.gstatic.com/firebasejs/10.8.1/firebase.tgz"},"live":{"version":"10.8","browserURL":"https://www.gstatic.com/firebasejs/live/10.8/firebase.js","packageURL":"https://www.gstatic.com/firebasejs/live/10.8/firebase.tgz"},"components":{"analytics":"https://www.gstatic.com/firebasejs/10.8.1/firebase-analytics.js","app":"https://www.gstatic.com/firebasejs/10.8.1/firebase-app.js","app-check":"https://www.gstatic.com/firebasejs/10.8.1/firebase-app-check.js","auth":"https://www.gstatic.com/firebasejs/10.8.1/firebase-auth.js","auth/cordova":"https://www.gstatic.com/firebasejs/10.8.1/firebase-auth/cordova.js","auth/web-extension":"https://www.gstatic.com/firebasejs/10.8.1/firebase-auth/web-extension.js","functions":"https://www.gstatic.com/firebasejs/10.8.1/firebase-functions.js","firestore":"https://www.gstatic.com/firebasejs/10.8.1/firebase-firestore.js","firestore/lite":"https://www.gstatic.com/firebasejs/10.8.1/firebase-firestore/lite.js","installations":"https://www.gstatic.com/firebasejs/10.8.1/firebase-installations.js","storage":"https://www.gstatic.com/firebasejs/10.8.1/firebase-storage.js","performance":"https://www.gstatic.com/firebasejs/10.8.1/firebase-performance.js","remote-config":"https://www.gstatic.com/firebasejs/10.8.1/firebase-remote-config.js","messaging":"https://www.gstatic.com/firebasejs/10.8.1/firebase-messaging.js","messaging/sw":"https://www.gstatic.com/firebasejs/10.8.1/firebase-messaging/sw.js","database":"https://www.gstatic.com/firebasejs/10.8.1/firebase-database.js","firestore.memory":"https://www.gstatic.com/firebasejs/10.8.1/firebase-firestore.memory.js"}}
[info] +  Wrote public/index.html 
[info] 
[info] i  Detected a .git folder at D:\nope\My-React-App 
[info] i  Authorizing with GitHub to upload your service account to a GitHub repository's secrets store. 
[info] 
[info] Visit this URL on this device to log in:
[info] https://github.com/login/oauth/authorize?client_id=89cf50f02ac6aaed3484&state=1044091490&redirect_uri=http%3A%2F%2Flocalhost%3A9005&scope=read%3Auser%20repo%20public_repo
[info] 
[info] Waiting for authentication...
[debug] [2024-03-08T08:03:07.452Z] >>> [apiv2][query] POST https://github.com/login/oauth/access_token [none]
[debug] [2024-03-08T08:03:07.453Z] >>> [apiv2][body] POST https://github.com/login/oauth/access_token [stream]
[debug] [2024-03-08T08:03:08.433Z] <<< [apiv2][status] POST https://github.com/login/oauth/access_token 200
[debug] [2024-03-08T08:03:08.433Z] <<< [apiv2][body] POST https://github.com/login/oauth/access_token {"access_token":"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","token_type":"bearer","scope":"read:user,repo"}
[debug] [2024-03-08T08:03:08.443Z] >>> [apiv2][query] GET https://api.github.com/user [none]
[debug] [2024-03-08T08:03:09.010Z] <<< [apiv2][status] GET https://api.github.com/user 200
[debug] [2024-03-08T08:03:09.010Z] <<< [apiv2][body] GET https://api.github.com/user {"login":"karthikeyan-kk-007","id":153588919,"node_id":"U_kgDOCSeUtw","avatar_url":"https://avatars.githubusercontent.com/u/153588919?v=4","gravatar_id":"","url":"https://api.github.com/users/karthikeyan-kk-007","html_url":"https://github.com/karthikeyan-kk-007","followers_url":"https://api.github.com/users/karthikeyan-kk-007/followers","following_url":"https://api.github.com/users/karthikeyan-kk-007/following{/other_user}","gists_url":"https://api.github.com/users/karthikeyan-kk-007/gists{/gist_id}","starred_url":"https://api.github.com/users/karthikeyan-kk-007/starred{/owner}{/repo}","subscriptions_url":"https://api.github.com/users/karthikeyan-kk-007/subscriptions","organizations_url":"https://api.github.com/users/karthikeyan-kk-007/orgs","repos_url":"https://api.github.com/users/karthikeyan-kk-007/repos","events_url":"https://api.github.com/users/karthikeyan-kk-007/events{/privacy}","received_events_url":"https://api.github.com/users/karthikeyan-kk-007/received_events","type":"User","site_admin":false,"name":null,"company":null,"blog":"","location":null,"email":null,"hireable":null,"bio":null,"twitter_username":null,"public_repos":3,"public_gists":0,"followers":0,"following":0,"created_at":"2023-12-12T06:48:56Z","updated_at":"2024-03-08T06:55:49Z","private_gists":0,"total_private_repos":0,"owned_private_repos":0,"disk_usage":10909,"collaborators":0,"two_factor_authentication":false,"plan":{"name":"free","space":976562499,"collaborators":0,"private_repos":10000}}
[info] 
[info] +  Success! Logged into GitHub as karthikeyan-kk-007 
[info] 
[debug] [2024-03-08T08:03:41.098Z] ----------------------------------------------------------------------
[debug] [2024-03-08T08:03:41.100Z] Command:       C:\Program Files\nodejs\node.exe C:\Users\HP\AppData\Roaming\npm\node_modules\firebase-tools\lib\bin\firebase.js init
[debug] [2024-03-08T08:03:41.101Z] CLI Version:   13.4.1
[debug] [2024-03-08T08:03:41.101Z] Platform:      win32
[debug] [2024-03-08T08:03:41.101Z] Node Version:  v18.18.0
[debug] [2024-03-08T08:03:41.102Z] Time:          Fri Mar 08 2024 13:33:41 GMT+0530 (India Standard Time)
[debug] [2024-03-08T08:03:41.102Z] ----------------------------------------------------------------------
[debug] 
[debug] [2024-03-08T08:03:41.108Z] > command requires scopes: ["email","openid","https://www.googleapis.com/auth/cloudplatformprojects.readonly","https://www.googleapis.com/auth/firebase","https://www.googleapis.com/auth/cloud-platform"]
[debug] [2024-03-08T08:03:41.108Z] > authorizing via signed-in user (karthikeyan10303@gmail.com)
[info] 
     ######## #### ########  ######## ########     ###     ######  ########
     ##        ##  ##     ## ##       ##     ##  ##   ##  ##       ##
     ######    ##  ########  ######   ########  #########  ######  ######
     ##        ##  ##    ##  ##       ##     ## ##     ##       ## ##
     ##       #### ##     ## ######## ########  ##     ##  ######  ########

You're about to initialize a Firebase project in this directory:

  D:\nope\My-React-App

[info] 
=== Project Setup
[info] 
[info] First, let's associate this project directory with a Firebase project.
[info] You can create multiple project aliases by running firebase use --add, 
[info] but for now we'll just set up a default project.
[info] 
[debug] [2024-03-08T08:03:59.652Z] >>> [apiv2][query] GET https://firebase.googleapis.com/v1beta1/projects pageSize=100
[debug] [2024-03-08T08:04:01.276Z] <<< [apiv2][status] GET https://firebase.googleapis.com/v1beta1/projects 200
[debug] [2024-03-08T08:04:01.277Z] <<< [apiv2][body] GET https://firebase.googleapis.com/v1beta1/projects [omitted]
[info] i  Using project dashboardsample-3a23e (Dashboardsample) 
[info] 
=== Hosting Setup
[debug] [2024-03-08T08:04:05.413Z] >>> [apiv2][query] GET https://firebase.googleapis.com/v1beta1/projects/dashboardsample-3a23e [none]
[debug] [2024-03-08T08:04:06.302Z] <<< [apiv2][status] GET https://firebase.googleapis.com/v1beta1/projects/dashboardsample-3a23e 200
[debug] [2024-03-08T08:04:06.302Z] <<< [apiv2][body] GET https://firebase.googleapis.com/v1beta1/projects/dashboardsample-3a23e {"projectId":"dashboardsample-3a23e","projectNumber":"676867954072","displayName":"Dashboardsample","name":"projects/dashboardsample-3a23e","resources":{"hostingSite":"dashboardsample-3a23e"},"state":"ACTIVE","etag":"1_85781851-df40-4dd7-991d-28cae5d9ae9f"}
[info] 
[info] Your public directory is the folder (relative to your project directory) that
[info] will contain Hosting assets to be uploaded with firebase deploy. If you
[info] have a build process for your assets, use your build's output directory.
[info] 
[info] +  Wrote public/404.html 
[debug] [2024-03-08T08:04:15.383Z] >>> [apiv2][query] GET https://www.gstatic.com/firebasejs/releases.json [none]
[debug] [2024-03-08T08:04:15.637Z] <<< [apiv2][status] GET https://www.gstatic.com/firebasejs/releases.json 200
[debug] [2024-03-08T08:04:15.637Z] <<< [apiv2][body] GET https://www.gstatic.com/firebasejs/releases.json {"current":{"version":"10.8.1","browserURL":"https://www.gstatic.com/firebasejs/10.8.1/firebase.js","packageURL":"https://www.gstatic.com/firebasejs/10.8.1/firebase.tgz"},"live":{"version":"10.8","browserURL":"https://www.gstatic.com/firebasejs/live/10.8/firebase.js","packageURL":"https://www.gstatic.com/firebasejs/live/10.8/firebase.tgz"},"components":{"analytics":"https://www.gstatic.com/firebasejs/10.8.1/firebase-analytics.js","app":"https://www.gstatic.com/firebasejs/10.8.1/firebase-app.js","app-check":"https://www.gstatic.com/firebasejs/10.8.1/firebase-app-check.js","auth":"https://www.gstatic.com/firebasejs/10.8.1/firebase-auth.js","auth/cordova":"https://www.gstatic.com/firebasejs/10.8.1/firebase-auth/cordova.js","auth/web-extension":"https://www.gstatic.com/firebasejs/10.8.1/firebase-auth/web-extension.js","functions":"https://www.gstatic.com/firebasejs/10.8.1/firebase-functions.js","firestore":"https://www.gstatic.com/firebasejs/10.8.1/firebase-firestore.js","firestore/lite":"https://www.gstatic.com/firebasejs/10.8.1/firebase-firestore/lite.js","installations":"https://www.gstatic.com/firebasejs/10.8.1/firebase-installations.js","storage":"https://www.gstatic.com/firebasejs/10.8.1/firebase-storage.js","performance":"https://www.gstatic.com/firebasejs/10.8.1/firebase-performance.js","remote-config":"https://www.gstatic.com/firebasejs/10.8.1/firebase-remote-config.js","messaging":"https://www.gstatic.com/firebasejs/10.8.1/firebase-messaging.js","messaging/sw":"https://www.gstatic.com/firebasejs/10.8.1/firebase-messaging/sw.js","database":"https://www.gstatic.com/firebasejs/10.8.1/firebase-database.js","firestore.memory":"https://www.gstatic.com/firebasejs/10.8.1/firebase-firestore.memory.js"}}
[info] i  Skipping write of public/index.html 
[info] 
[info] i  Detected a .git folder at D:\nope\My-React-App 
[info] i  Authorizing with GitHub to upload your service account to a GitHub repository's secrets store. 
[info] 
[info] Visit this URL on this device to log in:
[info] https://github.com/login/oauth/authorize?client_id=89cf50f02ac6aaed3484&state=328549338&redirect_uri=http%3A%2F%2Flocalhost%3A9005&scope=read%3Auser%20repo%20public_repo
[info] 
[info] Waiting for authentication...
[debug] [2024-03-08T08:04:36.071Z] >>> [apiv2][query] POST https://github.com/login/oauth/access_token [none]
[debug] [2024-03-08T08:04:36.072Z] >>> [apiv2][body] POST https://github.com/login/oauth/access_token [stream]
[debug] [2024-03-08T08:04:36.712Z] <<< [apiv2][status] POST https://github.com/login/oauth/access_token 200
[debug] [2024-03-08T08:04:36.712Z] <<< [apiv2][body] POST https://github.com/login/oauth/access_token {"access_token":"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","token_type":"bearer","scope":"read:user,repo"}
[debug] [2024-03-08T08:04:36.735Z] >>> [apiv2][query] GET https://api.github.com/user [none]
[debug] [2024-03-08T08:04:37.536Z] <<< [apiv2][status] GET https://api.github.com/user 200
[debug] [2024-03-08T08:04:37.537Z] <<< [apiv2][body] GET https://api.github.com/user {"login":"karthikeyan-kk-007","id":153588919,"node_id":"U_kgDOCSeUtw","avatar_url":"https://avatars.githubusercontent.com/u/153588919?v=4","gravatar_id":"","url":"https://api.github.com/users/karthikeyan-kk-007","html_url":"https://github.com/karthikeyan-kk-007","followers_url":"https://api.github.com/users/karthikeyan-kk-007/followers","following_url":"https://api.github.com/users/karthikeyan-kk-007/following{/other_user}","gists_url":"https://api.github.com/users/karthikeyan-kk-007/gists{/gist_id}","starred_url":"https://api.github.com/users/karthikeyan-kk-007/starred{/owner}{/repo}","subscriptions_url":"https://api.github.com/users/karthikeyan-kk-007/subscriptions","organizations_url":"https://api.github.com/users/karthikeyan-kk-007/orgs","repos_url":"https://api.github.com/users/karthikeyan-kk-007/repos","events_url":"https://api.github.com/users/karthikeyan-kk-007/events{/privacy}","received_events_url":"https://api.github.com/users/karthikeyan-kk-007/received_events","type":"User","site_admin":false,"name":null,"company":null,"blog":"","location":null,"email":null,"hireable":null,"bio":null,"twitter_username":null,"public_repos":3,"public_gists":0,"followers":0,"following":0,"created_at":"2023-12-12T06:48:56Z","updated_at":"2024-03-08T06:55:49Z","private_gists":0,"total_private_repos":0,"owned_private_repos":0,"disk_usage":10909,"collaborators":0,"two_factor_authentication":false,"plan":{"name":"free","space":976562499,"collaborators":0,"private_repos":10000}}
[info] 
[info] +  Success! Logged into GitHub as karthikeyan-kk-007 
[info] 
[debug] [2024-03-08T08:07:40.784Z] >>> [apiv2][query] GET https://api.github.com/repos/https://github.com-personal/karthikeyan-kk-007/My-React-App.git/actions/secrets/public-key type=owner
[debug] [2024-03-08T08:07:41.434Z] <<< [apiv2][status] GET https://api.github.com/repos/https://github.com-personal/karthikeyan-kk-007/My-React-App.git/actions/secrets/public-key 404
[debug] [2024-03-08T08:07:41.434Z] <<< [apiv2][body] GET https://api.github.com/repos/https://github.com-personal/karthikeyan-kk-007/My-React-App.git/actions/secrets/public-key {"message":"Not Found","documentation_url":"https://docs.github.com/rest"}
[info] 
[info] 
[error] !  The provided authorization cannot be used with this repository. If this repository is in an organization, did you remember to grant access? 
[info] 
[info] i  Action required: Visit this URL to ensure access has been granted to the appropriate organization(s) for the Firebase CLI GitHub OAuth App: 
[info] https://github.com/settings/connections/applications/89cf50f02ac6aaed3484
[info] 
[debug] [2024-03-08T08:08:44.149Z] ----------------------------------------------------------------------
[debug] [2024-03-08T08:08:44.151Z] Command:       C:\Program Files\nodejs\node.exe C:\Users\HP\AppData\Roaming\npm\node_modules\firebase-tools\lib\bin\firebase.js init
[debug] [2024-03-08T08:08:44.151Z] CLI Version:   13.4.1
[debug] [2024-03-08T08:08:44.151Z] Platform:      win32
[debug] [2024-03-08T08:08:44.152Z] Node Version:  v18.18.0
[debug] [2024-03-08T08:08:44.152Z] Time:          Fri Mar 08 2024 13:38:44 GMT+0530 (India Standard Time)
[debug] [2024-03-08T08:08:44.152Z] ----------------------------------------------------------------------
[debug] 
[debug] [2024-03-08T08:08:44.161Z] > command requires scopes: ["email","openid","https://www.googleapis.com/auth/cloudplatformprojects.readonly","https://www.googleapis.com/auth/firebase","https://www.googleapis.com/auth/cloud-platform"]
[debug] [2024-03-08T08:08:44.161Z] > authorizing via signed-in user (karthikeyan10303@gmail.com)
[info] 
     ######## #### ########  ######## ########     ###     ######  ########
     ##        ##  ##     ## ##       ##     ##  ##   ##  ##       ##
     ######    ##  ########  ######   ########  #########  ######  ######
     ##        ##  ##    ##  ##       ##     ## ##     ##       ## ##
     ##       #### ##     ## ######## ########  ##     ##  ######  ########

You're about to initialize a Firebase project in this directory:

  D:\nope\My-React-App

[info] 
=== Project Setup
[info] 
[info] First, let's associate this project directory with a Firebase project.
[info] You can create multiple project aliases by running firebase use --add, 
[info] but for now we'll just set up a default project.
[info] 
[debug] [2024-03-08T08:08:50.056Z] >>> [apiv2][query] GET https://firebase.googleapis.com/v1beta1/projects pageSize=100
[debug] [2024-03-08T08:08:51.186Z] <<< [apiv2][status] GET https://firebase.googleapis.com/v1beta1/projects 200
[debug] [2024-03-08T08:08:51.187Z] <<< [apiv2][body] GET https://firebase.googleapis.com/v1beta1/projects [omitted]
[info] i  Using project dashboardsample-3a23e (Dashboardsample) 
[info] 
=== Hosting Setup
[debug] [2024-03-08T08:08:51.697Z] >>> [apiv2][query] GET https://firebase.googleapis.com/v1beta1/projects/dashboardsample-3a23e [none]
[debug] [2024-03-08T08:08:52.295Z] <<< [apiv2][status] GET https://firebase.googleapis.com/v1beta1/projects/dashboardsample-3a23e 200
[debug] [2024-03-08T08:08:52.296Z] <<< [apiv2][body] GET https://firebase.googleapis.com/v1beta1/projects/dashboardsample-3a23e {"projectId":"dashboardsample-3a23e","projectNumber":"676867954072","displayName":"Dashboardsample","name":"projects/dashboardsample-3a23e","resources":{"hostingSite":"dashboardsample-3a23e"},"state":"ACTIVE","etag":"1_85781851-df40-4dd7-991d-28cae5d9ae9f"}
[info] 
[info] Your public directory is the folder (relative to your project directory) that
[info] will contain Hosting assets to be uploaded with firebase deploy. If you
[info] have a build process for your assets, use your build's output directory.
[info] 
[debug] [2024-03-08T08:09:14.064Z] >>> [apiv2][query] GET https://www.gstatic.com/firebasejs/releases.json [none]
[debug] [2024-03-08T08:09:14.516Z] <<< [apiv2][status] GET https://www.gstatic.com/firebasejs/releases.json 200
[debug] [2024-03-08T08:09:14.516Z] <<< [apiv2][body] GET https://www.gstatic.com/firebasejs/releases.json {"current":{"version":"10.8.1","browserURL":"https://www.gstatic.com/firebasejs/10.8.1/firebase.js","packageURL":"https://www.gstatic.com/firebasejs/10.8.1/firebase.tgz"},"live":{"version":"10.8","browserURL":"https://www.gstatic.com/firebasejs/live/10.8/firebase.js","packageURL":"https://www.gstatic.com/firebasejs/live/10.8/firebase.tgz"},"components":{"analytics":"https://www.gstatic.com/firebasejs/10.8.1/firebase-analytics.js","app":"https://www.gstatic.com/firebasejs/10.8.1/firebase-app.js","app-check":"https://www.gstatic.com/firebasejs/10.8.1/firebase-app-check.js","auth":"https://www.gstatic.com/firebasejs/10.8.1/firebase-auth.js","auth/cordova":"https://www.gstatic.com/firebasejs/10.8.1/firebase-auth/cordova.js","auth/web-extension":"https://www.gstatic.com/firebasejs/10.8.1/firebase-auth/web-extension.js","functions":"https://www.gstatic.com/firebasejs/10.8.1/firebase-functions.js","firestore":"https://www.gstatic.com/firebasejs/10.8.1/firebase-firestore.js","firestore/lite":"https://www.gstatic.com/firebasejs/10.8.1/firebase-firestore/lite.js","installations":"https://www.gstatic.com/firebasejs/10.8.1/firebase-installations.js","storage":"https://www.gstatic.com/firebasejs/10.8.1/firebase-storage.js","performance":"https://www.gstatic.com/firebasejs/10.8.1/firebase-performance.js","remote-config":"https://www.gstatic.com/firebasejs/10.8.1/firebase-remote-config.js","messaging":"https://www.gstatic.com/firebasejs/10.8.1/firebase-messaging.js","messaging/sw":"https://www.gstatic.com/firebasejs/10.8.1/firebase-messaging/sw.js","database":"https://www.gstatic.com/firebasejs/10.8.1/firebase-database.js","firestore.memory":"https://www.gstatic.com/firebasejs/10.8.1/firebase-firestore.memory.js"}}
[info] i  Skipping write of public/index.html 
[info] 
[info] i  Detected a .git folder at D:\nope\My-React-App 
[info] i  Authorizing with GitHub to upload your service account to a GitHub repository's secrets store. 
[info] 
[info] Visit this URL on this device to log in:
[info] https://github.com/login/oauth/authorize?client_id=89cf50f02ac6aaed3484&state=683924601&redirect_uri=http%3A%2F%2Flocalhost%3A9005&scope=read%3Auser%20repo%20public_repo
[info] 
[info] Waiting for authentication...
[debug] [2024-03-08T08:09:24.358Z] >>> [apiv2][query] POST https://github.com/login/oauth/access_token [none]
[debug] [2024-03-08T08:09:24.358Z] >>> [apiv2][body] POST https://github.com/login/oauth/access_token [stream]
[debug] [2024-03-08T08:09:24.813Z] <<< [apiv2][status] POST https://github.com/login/oauth/access_token 200
[debug] [2024-03-08T08:09:24.813Z] <<< [apiv2][body] POST https://github.com/login/oauth/access_token {"access_token":"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","token_type":"bearer","scope":"read:user,repo"}
[debug] [2024-03-08T08:09:24.830Z] >>> [apiv2][query] GET https://api.github.com/user [none]
[debug] [2024-03-08T08:09:25.285Z] <<< [apiv2][status] GET https://api.github.com/user 200
[debug] [2024-03-08T08:09:25.285Z] <<< [apiv2][body] GET https://api.github.com/user {"login":"karthikeyan-kk-007","id":153588919,"node_id":"U_kgDOCSeUtw","avatar_url":"https://avatars.githubusercontent.com/u/153588919?v=4","gravatar_id":"","url":"https://api.github.com/users/karthikeyan-kk-007","html_url":"https://github.com/karthikeyan-kk-007","followers_url":"https://api.github.com/users/karthikeyan-kk-007/followers","following_url":"https://api.github.com/users/karthikeyan-kk-007/following{/other_user}","gists_url":"https://api.github.com/users/karthikeyan-kk-007/gists{/gist_id}","starred_url":"https://api.github.com/users/karthikeyan-kk-007/starred{/owner}{/repo}","subscriptions_url":"https://api.github.com/users/karthikeyan-kk-007/subscriptions","organizations_url":"https://api.github.com/users/karthikeyan-kk-007/orgs","repos_url":"https://api.github.com/users/karthikeyan-kk-007/repos","events_url":"https://api.github.com/users/karthikeyan-kk-007/events{/privacy}","received_events_url":"https://api.github.com/users/karthikeyan-kk-007/received_events","type":"User","site_admin":false,"name":null,"company":null,"blog":"","location":null,"email":null,"hireable":null,"bio":null,"twitter_username":null,"public_repos":3,"public_gists":0,"followers":0,"following":0,"created_at":"2023-12-12T06:48:56Z","updated_at":"2024-03-08T08:06:25Z","private_gists":0,"total_private_repos":0,"owned_private_repos":0,"disk_usage":10909,"collaborators":0,"two_factor_authentication":false,"plan":{"name":"free","space":976562499,"collaborators":0,"private_repos":10000}}
[info] 
[info] +  Success! Logged into GitHub as karthikeyan-kk-007 
[info] 
[debug] [2024-03-08T08:10:57.978Z] >>> [apiv2][query] GET https://api.github.com/repos/My-React-App/actions/secrets/public-key type=owner
[debug] [2024-03-08T08:10:58.662Z] <<< [apiv2][status] GET https://api.github.com/repos/My-React-App/actions/secrets/public-key 404
[debug] [2024-03-08T08:10:58.662Z] <<< [apiv2][body] GET https://api.github.com/repos/My-React-App/actions/secrets/public-key {"message":"Not Found","documentation_url":"https://docs.github.com/rest"}
[info] 
[info] 
[error] !  The provided authorization cannot be used with this repository. If this repository is in an organization, did you remember to grant access? 
[info] 
[info] i  Action required: Visit this URL to ensure access has been granted to the appropriate organization(s) for the Firebase CLI GitHub OAuth App: 
[info] https://github.com/settings/connections/applications/89cf50f02ac6aaed3484
[info] 
